Select instance to update:
1: /be
2: /bb
3: /by
4: /hb
5: /hh
6: /mv
7: /ni
8: /nw
9: /rp
10: /sh
11: /sl
12: /sn
13: /int/ch
14: /int/at
15: /int/br
16: /int/it
17: /kvs/krefeld
`/opt/lqfb/frontend/beta35/config/piraten-be.lua' -> `/opt/lqfb/frontend/2.0.3/config/piraten-be.lua'
Stopping crond: [60G[[0;32m  OK  [0;39m]
Stopping lighttpd: [60G[[0;32m  OK  [0;39m]
dumping lqfb_be
done
dumping lqfb_bb
done
dumping lqfb_by
done
dumping lqfb_hb
done
dumping lqfb_hh
done
dumping lqfb_mv
done
dumping lqfb_ni
done
dumping lqfb_nw
done
dumping lqfb_rp
done
dumping lqfb_sh
done
dumping lqfb_sl
done
dumping lqfb_sn
done
dumping lqfb_int_ch
done
dumping lqfb_int_at
done
dumping lqfb_int_br
done
dumping lqfb_int_it
done
dumping lqfb_kvs_krefeld
done
CREATE DATABASE
running core-update.v1.3.1-v1.4.0.sql confirm
BEGIN
CREATE VIEW
CREATE TYPE
COMMENT
ALTER TABLE
ALTER TABLE
COMMENT
COMMENT
ALTER TABLE
ALTER TABLE
ALTER TABLE
ALTER TABLE
CREATE INDEX
CREATE TABLE
CREATE INDEX
COMMENT
COMMENT
COMMENT
CREATE TABLE
CREATE INDEX
CREATE INDEX
CREATE INDEX
CREATE INDEX
CREATE TRIGGER
COMMENT
COMMENT
COMMENT
COMMENT
INSERT 0 1
ALTER TABLE
ALTER TABLE
CREATE INDEX
CREATE TYPE
COMMENT
ALTER TABLE
ALTER TABLE
ALTER TABLE
COMMENT
CREATE TABLE
CREATE INDEX
COMMENT
CREATE TABLE
COMMENT
INSERT 0 12538
CREATE TABLE
COMMENT
COMMENT
COMMENT
COMMENT
COMMENT
COMMENT
INSERT 0 1651
DROP TABLE
ALTER TYPE
CREATE TYPE
COMMENT
DROP FUNCTION
DROP FUNCTION
DROP TYPE
DROP VIEW
DROP VIEW
DROP VIEW
DROP VIEW
ALTER TABLE
ALTER TABLE
DROP INDEX
ALTER TABLE
ALTER TABLE
ALTER TABLE
ALTER TABLE
COMMENT
ALTER TABLE
ALTER TABLE
ALTER TABLE
CREATE TABLE
CREATE INDEX
COMMENT
CREATE TABLE
CREATE INDEX
CREATE INDEX
CREATE TRIGGER
COMMENT
COMMENT
CREATE TABLE
COMMENT
CREATE TABLE
CREATE INDEX
CREATE INDEX
CREATE TRIGGER
COMMENT
COMMENT
CREATE TABLE
COMMENT
CREATE TYPE
COMMENT
CREATE TABLE
COMMENT
COMMENT
COMMENT
COMMENT
COMMENT
CREATE FUNCTION
CREATE TRIGGER
COMMENT
COMMENT
CREATE FUNCTION
CREATE TRIGGER
COMMENT
COMMENT
CREATE FUNCTION
CREATE TRIGGER
COMMENT
COMMENT
CREATE FUNCTION
CREATE TRIGGER
COMMENT
COMMENT
CREATE VIEW
COMMENT
CREATE VIEW
COMMENT
CREATE VIEW
COMMENT
CREATE VIEW
COMMENT
DROP VIEW
CREATE VIEW
COMMENT
CREATE VIEW
COMMENT
CREATE VIEW
COMMENT
COMMENT
COMMENT
COMMENT
COMMENT
COMMENT
COMMENT
CREATE TYPE
COMMENT
COMMENT
COMMENT
COMMENT
COMMENT
COMMENT
COMMENT
COMMENT
CREATE FUNCTION
COMMENT
CREATE FUNCTION
COMMENT
CREATE FUNCTION
CREATE FUNCTION
CREATE FUNCTION
CREATE FUNCTION
CREATE FUNCTION
CREATE FUNCTION
CREATE FUNCTION
CREATE FUNCTION
CREATE FUNCTION
CREATE FUNCTION
CREATE FUNCTION
DROP TYPE
COMMIT
UPDATE 922
UPDATE 629
UPDATE 91
ALTER TABLE
ALTER TABLE
ALTER TABLE
UPDATE 166
ALTER TABLE
UPDATE 109
ALTER TABLE
DELETE 720
 setval 
--------
      1
(1 row)

INSERT 0 11254
running core-update.v1.4.0-v2.0.0.sql confirm
 calculate_ranks 
-----------------
(0 rows)

BEGIN
CREATE VIEW
ALTER TABLE
ALTER TABLE
ALTER TABLE
ALTER TABLE
ALTER TABLE
ALTER TABLE
ALTER TABLE
ALTER TABLE
COMMENT
COMMENT
COMMENT
COMMENT
COMMENT
COMMENT
COMMENT
CREATE TYPE
COMMENT
CREATE TABLE
COMMENT
CREATE TABLE
COMMENT
DROP VIEW
DROP TABLE
ALTER TABLE
ALTER TABLE
ALTER TABLE
ALTER TABLE
ALTER TABLE
ALTER TABLE
ALTER TABLE
ALTER TABLE
ALTER TABLE
ALTER TABLE
ALTER TABLE
ALTER TABLE
UPDATE 20
ALTER TABLE
ALTER TABLE
ALTER TABLE
COMMENT
COMMENT
COMMENT
COMMENT
COMMENT
COMMENT
COMMENT
COMMENT
COMMENT
COMMENT
COMMENT
COMMENT
ALTER TABLE
DROP VIEW
DROP VIEW
ALTER TABLE
ALTER TABLE
ALTER TABLE
CREATE VIEW
COMMENT
CREATE VIEW
COMMENT
COMMENT
COMMENT
COMMENT
DROP VIEW
ALTER TABLE
ALTER TABLE
ALTER TABLE
ALTER TABLE
ALTER TABLE
ALTER TABLE
ALTER TABLE
ALTER TABLE
ALTER TABLE
ALTER TABLE
ALTER TABLE
ALTER TABLE
ALTER TABLE
ALTER TABLE
ALTER TABLE
ALTER TABLE
ALTER TABLE
ALTER TABLE
ALTER TABLE
ALTER TABLE
COMMENT
COMMENT
COMMENT
COMMENT
COMMENT
COMMENT
COMMENT
COMMENT
COMMENT
COMMENT
ALTER TABLE
ALTER TABLE
ALTER TABLE
ALTER TABLE
ALTER TABLE
CREATE INDEX
CREATE INDEX
CREATE INDEX
ALTER TABLE
ALTER TABLE
ALTER TABLE
ALTER TABLE
DROP TRIGGER
CREATE TRIGGER
COMMENT
CREATE TABLE
COMMENT
DROP TABLE
DROP VIEW
ALTER TABLE
ALTER TABLE
ALTER TABLE
ALTER TABLE
ALTER TABLE
COMMENT
ALTER TABLE
ALTER TABLE
DROP TRIGGER
DROP FUNCTION
CREATE FUNCTION
CREATE TRIGGER
CREATE TRIGGER
COMMENT
COMMENT
COMMENT
CREATE VIEW
COMMENT
CREATE VIEW
COMMENT
CREATE VIEW
COMMENT
DROP FUNCTION
CREATE FUNCTION
COMMENT
CREATE FUNCTION
CREATE FUNCTION
CREATE FUNCTION
CREATE FUNCTION
DROP FUNCTION
DROP FUNCTION
CREATE FUNCTION
CREATE FUNCTION
CREATE FUNCTION
CREATE FUNCTION
CREATE FUNCTION
COMMIT
BEGIN
UPDATE 1651
UPDATE 1644
INSERT 0 10894
INSERT 0 10894
DROP TABLE
UPDATE 1220
UPDATE 698
CREATE FUNCTION
 update__set_remaining_ranks 
-----------------------------
 
 
 
 
 
 
 
 
 
 
 
 
 
 
 
 
 
 
 
 
 
 
 
 
 
 
 
 
 
 
 
 
 
 
 
 
 
 
 
 
 
 
 
 
 
 
 
 
 
 
 
 
 
 
 
 
 
 
 
 
 
 
 
 
 
 
 
 
 
 
 
 
 
 
 
 
 
 
 
 
 
 
 
 
 
 
 
 
 
 
 
 
 
 
 
 
 
 
 
 
 
 
 
 
 
 
 
 
 
 
 
 
 
 
 
 
 
 
 
 
 
 
 
 
 
 
 
 
 
 
 
 
 
 
 
 
 
 
 
 
 
 
 
 
 
 
 
 
 
 
 
 
 
 
 
 
 
 
 
 
 
 
 
 
 
 
 
 
 
 
 
 
 
 
 
 
 
 
 
 
 
 
 
 
 
 
 
 
 
 
 
 
 
 
 
 
 
 
 
 
 
 
 
 
 
 
 
 
 
 
 
 
 
 
 
 
 
 
 
 
 
 
 
 
 
 
 
 
 
 
 
 
 
 
 
 
 
 
 
 
 
 
 
 
 
 
 
 
 
 
 
 
 
 
 
 
 
 
 
 
 
 
 
 
 
 
 
 
 
 
 
 
 
 
 
 
 
 
 
 
 
 
 
 
 
 
 
 
 
 
 
 
 
 
 
 
 
 
 
 
 
 
 
 
 
 
 
 
 
 
 
 
 
 
 
 
 
 
 
 
 
 
 
 
 
 
 
 
 
 
 
 
 
 
 
 
 
 
 
 
 
 
 
 
 
 
 
 
 
 
 
 
 
 
 
 
 
 
 
 
 
 
 
 
 
 
 
 
 
 
 
 
 
 
 
 
 
 
 
 
 
 
 
 
 
 
 
 
 
 
 
 
 
 
 
 
 
 
 
 
 
 
 
 
 
 
 
 
 
 
 
 
 
 
 
 
 
 
 
 
 
 
 
 
 
 
 
 
 
 
 
 
 
 
 
 
 
 
 
 
 
 
 
 
 
 
 
 
 
 
 
 
 
 
 
 
 
 
 
 
 
 
 
 
 
 
 
 
 
 
 
 
 
 
 
 
 
 
 
 
 
 
 
 
 
 
 
 
 
 
 
 
 
 
 
 
 
 
 
 
 
 
 
 
 
 
 
 
 
 
 
 
 
 
 
 
 
 
 
 
 
 
 
 
 
 
 
 
 
 
 
 
 
 
 
 
 
 
 
 
 
 
 
 
 
 
 
 
 
 
 
 
 
 
 
 
 
 
 
 
 
 
 
 
 
 
 
 
 
 
 
 
 
 
 
 
 
 
 
 
 
 
 
 
 
 
 
 
 
 
 
 
 
 
 
 
 
 
 
 
 
 
 
 
 
 
 
 
 
 
 
 
 
 
 
 
 
 
 
 
 
 
 
 
 
 
 
 
 
 
 
 
 
 
 
 
 
 
 
 
 
 
 
 
 
 
 
 
 
 
 
 
 
 
 
 
 
 
 
 
 
 
 
 
 
 
 
 
 
 
 
 
 
 
 
 
 
 
 
 
 
 
 
 
 
 
 
 
 
 
 
 
 
 
 
 
 
 
(698 rows)

DROP FUNCTION
UPDATE 2032
COMMIT
ALTER TABLE
ALTER TABLE
running core-update.v2.0.0-v2.0.1.sql confirm
BEGIN
CREATE VIEW
ALTER TABLE
COMMENT
COMMENT
COMMENT
COMMENT
COMMENT
COMMENT
COMMENT
COMMENT
COMMENT
CREATE TABLE
COMMENT
COMMENT
COMMENT
COMMENT
COMMENT
COMMENT
COMMENT
COMMENT
COMMENT
ALTER TABLE
UPDATE 45310
UPDATE 258
ALTER TABLE
ALTER TABLE
COMMENT
COMMENT
CREATE FUNCTION
CREATE FUNCTION
COMMIT
running core-update.v2.0.1-v2.0.2.sql confirm
BEGIN
CREATE VIEW
ALTER TABLE
COMMENT
COMMIT
running core-update.v2.0.2-v2.0.3.sql confirm
BEGIN
CREATE VIEW
CREATE FUNCTION
UPDATE 0
COMMIT
running core-update.v2.0.3-v2.0.4.sql confirm
BEGIN
CREATE VIEW
ALTER TABLE
ALTER TABLE
ALTER TABLE
COMMENT
COMMENT
CREATE TABLE
CREATE INDEX
COMMENT
COMMENT
COMMENT
COMMENT
COMMENT
ALTER TABLE
COMMENT
DROP VIEW
ALTER TABLE
CREATE TABLE
CREATE INDEX
COMMENT
COMMENT
CREATE VIEW
COMMENT
CREATE FUNCTION
COMMIT
running core-update.v2.0.4-v2.0.5.sql confirm
BEGIN
CREATE VIEW
CREATE FUNCTION
COMMIT
running core-update.v2.0.5-v2.0.6.sql confirm
BEGIN
CREATE VIEW
ALTER TABLE
COMMENT
CREATE FUNCTION
CREATE FUNCTION
CREATE FUNCTION
COMMIT
running core-update.v2.0.6-v2.0.7.sql confirm
BEGIN
CREATE VIEW
CREATE VIEW
CREATE RULE
COMMENT
COMMENT
CREATE FUNCTION
CREATE FUNCTION
CREATE FUNCTION
COMMIT
running core-update.v2.0.7-v2.0.8.sql confirm
BEGIN
CREATE VIEW
CREATE FUNCTION
COMMIT
running core-update.v2.0.8-v2.0.9.sql confirm
BEGIN
CREATE VIEW
ALTER TABLE
ALTER TABLE
CREATE VIEW
COMMENT
CREATE FUNCTION
COMMENT
DROP FUNCTION
DROP FUNCTION
CREATE FUNCTION
COMMENT
CREATE TYPE
COMMENT
CREATE TYPE
COMMENT
COMMENT
COMMENT
COMMENT
COMMENT
COMMENT
COMMENT
COMMENT
COMMENT
COMMENT
CREATE FUNCTION
COMMENT
CREATE FUNCTION
COMMIT
running core-update.v2.0.9-v2.0.10.sql confirm
BEGIN
CREATE VIEW
DROP FUNCTION
DROP TYPE
CREATE TYPE
COMMENT
COMMENT
COMMENT
COMMENT
COMMENT
COMMENT
COMMENT
COMMENT
COMMENT
COMMENT
COMMENT
CREATE FUNCTION
COMMENT
COMMIT
running core-update.v2.0.10-v2.0.11.sql confirm
BEGIN
CREATE VIEW
DROP FUNCTION
DROP FUNCTION
CREATE FUNCTION
COMMENT
CREATE FUNCTION
COMMENT
COMMIT
cc -g -Wall -o getpic getpic.c -I `pg_config --includedir` -L `pg_config --libdir` -lpq -Wl,-rpath,`pg_config --libdir`
Starting crond: [60G[[0;32m  OK  [0;39m]
